<?xml version="1.0" encoding="UTF-8"?>
<!-- Generated by org.testng.reporters.JUnitXMLReporter -->
<testsuite ignored="0" hostname="Anshuls-MacBook-Air.local" failures="0" tests="14" name="Default test" time="16.567" errors="0" timestamp="2024-08-15T18:58:26 IST">
  <testcase classname="testScenario.ScenarioUI" name="launchUrl" time="5.619"/>
  <testcase classname="testScenario.ScenarioUI" name="assertTitle" time="0.005"/>
  <testcase classname="testScenario.ScenarioUI" name="selectDropdown" time="0.074"/>
  <testcase classname="testScenario.ScenarioUI" name="assertDropdownValue" time="0.006"/>
  <testcase classname="testScenario.ScenarioUI" name="searchIPhone" time="0.24"/>
  <testcase classname="testScenario.ScenarioUI" name="takeScreenshotOfSuggestions" time="0.134"/>
  <testcase classname="testScenario.ScenarioUI" name="validateSuggestionsfromDropdown" time="0.01"/>
  <testcase classname="testScenario.ScenarioUI" name="clearSearchBoxAndSearchIphone" time="1.944"/>
  <testcase classname="testScenario.ScenarioUI" name="selectProduct" time="3.84"/>
  <testcase classname="testScenario.ScenarioUI" name="validatePageTitleAndProduct" time="0.033"/>
  <testcase classname="testScenario.ScenarioUI" name="visitAppleStore" time="0.795"/>
  <testcase classname="testScenario.ScenarioUI" name="selectAppleWatchFromDropdown" time="1.08"/>
  <testcase classname="testScenario.ScenarioUI" name="takeScreenshotWatchFromQuickView" time="0.07"/>
  <testcase classname="testScenario.ScenarioUI" name="validateWatchTitleFromQuickView" time="0.007"/>
</testsuite> <!-- Default test -->
