<?xml version="1.0" encoding="UTF-8"?>
<!-- Generated by org.testng.reporters.JUnitXMLReporter -->
<testsuite ignored="0" hostname="Anshuls-MacBook-Air.local" failures="0" tests="14" name="Default test" time="18.033" errors="0" timestamp="2024-08-15T21:27:52 IST">
  <testcase classname="testScenario.ScenarioUI" name="launchUrl" time="3.556"/>
  <testcase classname="testScenario.ScenarioUI" name="assertTitle" time="0.008"/>
  <testcase classname="testScenario.ScenarioUI" name="selectDropdown" time="0.076"/>
  <testcase classname="testScenario.ScenarioUI" name="assertDropdownValue" time="0.005"/>
  <testcase classname="testScenario.ScenarioUI" name="searchIPhone" time="0.243"/>
  <testcase classname="testScenario.ScenarioUI" name="takeScreenshotOfSuggestions" time="0.105"/>
  <testcase classname="testScenario.ScenarioUI" name="validateSuggestionsfromDropdown" time="0.012"/>
  <testcase classname="testScenario.ScenarioUI" name="clearSearchBoxAndSearchIphone" time="1.808"/>
  <testcase classname="testScenario.ScenarioUI" name="selectProduct" time="5.659"/>
  <testcase classname="testScenario.ScenarioUI" name="validatePageTitleAndProduct" time="0.039"/>
  <testcase classname="testScenario.ScenarioUI" name="visitAppleStore" time="2.203"/>
  <testcase classname="testScenario.ScenarioUI" name="selectAppleWatchFromDropdown" time="1.142"/>
  <testcase classname="testScenario.ScenarioUI" name="takeScreenshotWatchFromQuickView" time="0.396"/>
  <testcase classname="testScenario.ScenarioUI" name="validateWatchTitleFromQuickView" time="0.013"/>
</testsuite> <!-- Default test -->
