<?xml version="1.0" encoding="UTF-8"?>
<testsuite name="Default test"
           tests="14"
           failures="0"
           errors="0"
           skipped="0"
           time="13.857">
    <properties></properties>



            <testcase
                name="visitAppleStore"
                time="0.795"
                classname="testScenario.ScenarioUI">
            </testcase>
            <testcase
                name="clearSearchBoxAndSearchIphone"
                time="1.944"
                classname="testScenario.ScenarioUI">
            </testcase>
            <testcase
                name="launchUrl"
                time="5.619"
                classname="testScenario.ScenarioUI">
            </testcase>
            <testcase
                name="validateSuggestionsfromDropdown"
                time="0.010"
                classname="testScenario.ScenarioUI">
            </testcase>
            <testcase
                name="selectAppleWatchFromDropdown"
                time="1.080"
                classname="testScenario.ScenarioUI">
            </testcase>
            <testcase
                name="takeScreenshotWatchFromQuickView"
                time="0.070"
                classname="testScenario.ScenarioUI">
            </testcase>
            <testcase
                name="searchIPhone"
                time="0.240"
                classname="testScenario.ScenarioUI">
            </testcase>
            <testcase
                name="selectProduct"
                time="3.840"
                classname="testScenario.ScenarioUI">
            </testcase>
            <testcase
                name="assertDropdownValue"
                time="0.006"
                classname="testScenario.ScenarioUI">
            </testcase>
            <testcase
                name="validatePageTitleAndProduct"
                time="0.033"
                classname="testScenario.ScenarioUI">
            </testcase>
            <testcase
                name="selectDropdown"
                time="0.074"
                classname="testScenario.ScenarioUI">
            </testcase>
            <testcase
                name="takeScreenshotOfSuggestions"
                time="0.134"
                classname="testScenario.ScenarioUI">
            </testcase>
            <testcase
                name="assertTitle"
                time="0.005"
                classname="testScenario.ScenarioUI">
            </testcase>
            <testcase
                name="validateWatchTitleFromQuickView"
                time="0.007"
                classname="testScenario.ScenarioUI">
            </testcase>
</testsuite>
