<?xml version="1.0" encoding="UTF-8"?>
<testsuite name="Default test"
           tests="14"
           failures="0"
           errors="0"
           skipped="0"
           time="15.265">
    <properties></properties>



            <testcase
                name="takeScreenshotOfSuggestions"
                time="0.105"
                classname="testScenario.ScenarioUI">
            </testcase>
            <testcase
                name="validatePageTitleAndProduct"
                time="0.039"
                classname="testScenario.ScenarioUI">
            </testcase>
            <testcase
                name="selectAppleWatchFromDropdown"
                time="1.142"
                classname="testScenario.ScenarioUI">
            </testcase>
            <testcase
                name="searchIPhone"
                time="0.243"
                classname="testScenario.ScenarioUI">
            </testcase>
            <testcase
                name="visitAppleStore"
                time="2.203"
                classname="testScenario.ScenarioUI">
            </testcase>
            <testcase
                name="selectProduct"
                time="5.659"
                classname="testScenario.ScenarioUI">
            </testcase>
            <testcase
                name="assertTitle"
                time="0.008"
                classname="testScenario.ScenarioUI">
            </testcase>
            <testcase
                name="launchUrl"
                time="3.556"
                classname="testScenario.ScenarioUI">
            </testcase>
            <testcase
                name="validateSuggestionsfromDropdown"
                time="0.012"
                classname="testScenario.ScenarioUI">
            </testcase>
            <testcase
                name="clearSearchBoxAndSearchIphone"
                time="1.808"
                classname="testScenario.ScenarioUI">
            </testcase>
            <testcase
                name="selectDropdown"
                time="0.076"
                classname="testScenario.ScenarioUI">
            </testcase>
            <testcase
                name="validateWatchTitleFromQuickView"
                time="0.013"
                classname="testScenario.ScenarioUI">
            </testcase>
            <testcase
                name="takeScreenshotWatchFromQuickView"
                time="0.396"
                classname="testScenario.ScenarioUI">
            </testcase>
            <testcase
                name="assertDropdownValue"
                time="0.005"
                classname="testScenario.ScenarioUI">
            </testcase>
</testsuite>
