<?xml version="1.0" encoding="UTF-8"?>
<testng-results ignored="0" total="14" passed="14" failed="0" skipped="0">
  <reporter-output>
    <line>
      <![CDATA[Launch Url:  https://www.amazon.in/]]>
    </line>
    <line>
      <![CDATA[AssertTitle: Online Shopping site in India: Shop Online for Mobiles, Books, Watches, Shoes and More - Amazon.in]]>
    </line>
    <line>
      <![CDATA[Select Dropdown]]>
    </line>
    <line>
      <![CDATA[Assert Dropdown Value]]>
    </line>
    <line>
      <![CDATA[SearchIPhone]]>
    </line>
    <line>
      <![CDATA[takeScreenshotOfSuggestions]]>
    </line>
    <line>
      <![CDATA[validateSuggestionsfromDropdown]]>
    </line>
    <line>
      <![CDATA[clearSearchBoxAndSearchIphone]]>
    </line>
    <line>
      <![CDATA[selectProduct]]>
    </line>
    <line>
      <![CDATA[validatePageTitleAndProduct]]>
    </line>
    <line>
      <![CDATA[visitAppleStore]]>
    </line>
    <line>
      <![CDATA[selectAppleWatchFromDropdown]]>
    </line>
    <line>
      <![CDATA[takeScreenshotWatchFromQuickView]]>
    </line>
    <line>
      <![CDATA[validateWatchTitleFromQuickView]]>
    </line>
  </reporter-output>
  <suite started-at="2024-08-15T18:58:09 IST" name="Default suite" finished-at="2024-08-15T18:58:26 IST" duration-ms="16567">
    <groups>
    </groups>
    <test started-at="2024-08-15T18:58:09 IST" name="Default test" finished-at="2024-08-15T18:58:26 IST" duration-ms="16567">
      <class name="testScenario.ScenarioUI">
        <test-method is-config="true" signature="launchPlayWright()[pri:0, instance:testScenario.ScenarioUI@655ef322]" started-at="2024-08-15T18:58:09 IST" name="launchPlayWright" finished-at="2024-08-15T18:58:12 IST" duration-ms="2509" status="PASS">
          <reporter-output>
          </reporter-output>
        </test-method> <!-- launchPlayWright -->
        <test-method signature="launchUrl()[pri:0, instance:testScenario.ScenarioUI@655ef322]" started-at="2024-08-15T18:58:12 IST" name="launchUrl" description="Launch Amazon Url" finished-at="2024-08-15T18:58:18 IST" duration-ms="5619" status="PASS">
          <reporter-output>
            <line>
              <![CDATA[Launch Url:  https://www.amazon.in/]]>
            </line>
          </reporter-output>
        </test-method> <!-- launchUrl -->
        <test-method signature="assertTitle()[pri:0, instance:testScenario.ScenarioUI@655ef322]" started-at="2024-08-15T18:58:18 IST" name="assertTitle" description="Assert Page Title with Expected Title" finished-at="2024-08-15T18:58:18 IST" depends-on-methods="testScenario.ScenarioUI.launchUrl" duration-ms="5" status="PASS">
          <reporter-output>
            <line>
              <![CDATA[AssertTitle: Online Shopping site in India: Shop Online for Mobiles, Books, Watches, Shoes and More - Amazon.in]]>
            </line>
          </reporter-output>
        </test-method> <!-- assertTitle -->
        <test-method signature="selectDropdown()[pri:0, instance:testScenario.ScenarioUI@655ef322]" started-at="2024-08-15T18:58:18 IST" name="selectDropdown" description="Select Electronics for Search Box Dropdown" finished-at="2024-08-15T18:58:18 IST" depends-on-methods="testScenario.ScenarioUI.assertTitle" duration-ms="74" status="PASS">
          <reporter-output>
            <line>
              <![CDATA[Select Dropdown]]>
            </line>
          </reporter-output>
        </test-method> <!-- selectDropdown -->
        <test-method signature="assertDropdownValue()[pri:0, instance:testScenario.ScenarioUI@655ef322]" started-at="2024-08-15T18:58:18 IST" name="assertDropdownValue" description="Validate if Electronics is selected" finished-at="2024-08-15T18:58:18 IST" depends-on-methods="testScenario.ScenarioUI.selectDropdown" duration-ms="6" status="PASS">
          <reporter-output>
            <line>
              <![CDATA[Assert Dropdown Value]]>
            </line>
          </reporter-output>
        </test-method> <!-- assertDropdownValue -->
        <test-method signature="searchIPhone()[pri:0, instance:testScenario.ScenarioUI@655ef322]" started-at="2024-08-15T18:58:18 IST" name="searchIPhone" description="Search For Iphone 13" finished-at="2024-08-15T18:58:18 IST" depends-on-methods="testScenario.ScenarioUI.assertDropdownValue" duration-ms="240" status="PASS">
          <reporter-output>
            <line>
              <![CDATA[SearchIPhone]]>
            </line>
          </reporter-output>
        </test-method> <!-- searchIPhone -->
        <test-method signature="takeScreenshotOfSuggestions()[pri:0, instance:testScenario.ScenarioUI@655ef322]" started-at="2024-08-15T18:58:18 IST" name="takeScreenshotOfSuggestions" description="Screenshot Of Suggestions For iPhone 13 related products" finished-at="2024-08-15T18:58:18 IST" depends-on-methods="testScenario.ScenarioUI.searchIPhone" duration-ms="134" status="PASS">
          <reporter-output>
            <line>
              <![CDATA[takeScreenshotOfSuggestions]]>
            </line>
          </reporter-output>
        </test-method> <!-- takeScreenshotOfSuggestions -->
        <test-method signature="validateSuggestionsfromDropdown()[pri:0, instance:testScenario.ScenarioUI@655ef322]" started-at="2024-08-15T18:58:18 IST" name="validateSuggestionsfromDropdown" description="Validate if the suggestions are related to iPhone 13" finished-at="2024-08-15T18:58:18 IST" depends-on-methods="testScenario.ScenarioUI.takeScreenshotOfSuggestions" duration-ms="10" status="PASS">
          <reporter-output>
            <line>
              <![CDATA[validateSuggestionsfromDropdown]]>
            </line>
          </reporter-output>
        </test-method> <!-- validateSuggestionsfromDropdown -->
        <test-method signature="clearSearchBoxAndSearchIphone()[pri:0, instance:testScenario.ScenarioUI@655ef322]" started-at="2024-08-15T18:58:18 IST" name="clearSearchBoxAndSearchIphone" description="Clear Searchbox and search iPhone 13 128 GB" finished-at="2024-08-15T18:58:20 IST" depends-on-methods="testScenario.ScenarioUI.validateSuggestionsfromDropdown" duration-ms="1944" status="PASS">
          <reporter-output>
            <line>
              <![CDATA[clearSearchBoxAndSearchIphone]]>
            </line>
          </reporter-output>
        </test-method> <!-- clearSearchBoxAndSearchIphone -->
        <test-method signature="selectProduct()[pri:0, instance:testScenario.ScenarioUI@655ef322]" started-at="2024-08-15T18:58:20 IST" name="selectProduct" description="Select iPhone and moved to new tab" finished-at="2024-08-15T18:58:24 IST" depends-on-methods="testScenario.ScenarioUI.clearSearchBoxAndSearchIphone" duration-ms="3840" status="PASS">
          <reporter-output>
            <line>
              <![CDATA[selectProduct]]>
            </line>
          </reporter-output>
        </test-method> <!-- selectProduct -->
        <test-method signature="validatePageTitleAndProduct()[pri:0, instance:testScenario.ScenarioUI@655ef322]" started-at="2024-08-15T18:58:24 IST" name="validatePageTitleAndProduct" description="Validate New Tab Title and Product" finished-at="2024-08-15T18:58:24 IST" depends-on-methods="testScenario.ScenarioUI.selectProduct" duration-ms="33" status="PASS">
          <reporter-output>
            <line>
              <![CDATA[validatePageTitleAndProduct]]>
            </line>
          </reporter-output>
        </test-method> <!-- validatePageTitleAndProduct -->
        <test-method signature="visitAppleStore()[pri:0, instance:testScenario.ScenarioUI@655ef322]" started-at="2024-08-15T18:58:24 IST" name="visitAppleStore" description="Validate and Click visit Apple Store Link" finished-at="2024-08-15T18:58:25 IST" depends-on-methods="testScenario.ScenarioUI.validatePageTitleAndProduct" duration-ms="795" status="PASS">
          <reporter-output>
            <line>
              <![CDATA[visitAppleStore]]>
            </line>
          </reporter-output>
        </test-method> <!-- visitAppleStore -->
        <test-method signature="selectAppleWatchFromDropdown()[pri:0, instance:testScenario.ScenarioUI@655ef322]" started-at="2024-08-15T18:58:25 IST" name="selectAppleWatchFromDropdown" description="Select Apple Watch Product" finished-at="2024-08-15T18:58:26 IST" depends-on-methods="testScenario.ScenarioUI.visitAppleStore" duration-ms="1080" status="PASS">
          <reporter-output>
            <line>
              <![CDATA[selectAppleWatchFromDropdown]]>
            </line>
          </reporter-output>
        </test-method> <!-- selectAppleWatchFromDropdown -->
        <test-method signature="takeScreenshotWatchFromQuickView()[pri:0, instance:testScenario.ScenarioUI@655ef322]" started-at="2024-08-15T18:58:26 IST" name="takeScreenshotWatchFromQuickView" description="Screenshot Of Apple Watch Product From Quick View" finished-at="2024-08-15T18:58:26 IST" depends-on-methods="testScenario.ScenarioUI.selectAppleWatchFromDropdown" duration-ms="70" status="PASS">
          <reporter-output>
            <line>
              <![CDATA[takeScreenshotWatchFromQuickView]]>
            </line>
          </reporter-output>
        </test-method> <!-- takeScreenshotWatchFromQuickView -->
        <test-method signature="validateWatchTitleFromQuickView()[pri:0, instance:testScenario.ScenarioUI@655ef322]" started-at="2024-08-15T18:58:26 IST" name="validateWatchTitleFromQuickView" description="Validate Watch title From Quick View" finished-at="2024-08-15T18:58:26 IST" depends-on-methods="testScenario.ScenarioUI.takeScreenshotWatchFromQuickView" duration-ms="7" status="PASS">
          <reporter-output>
            <line>
              <![CDATA[validateWatchTitleFromQuickView]]>
            </line>
          </reporter-output>
        </test-method> <!-- validateWatchTitleFromQuickView -->
        <test-method is-config="true" signature="tearDown()[pri:0, instance:testScenario.ScenarioUI@655ef322]" started-at="2024-08-15T18:58:26 IST" name="tearDown" finished-at="2024-08-15T18:58:26 IST" duration-ms="126" status="PASS">
          <reporter-output>
          </reporter-output>
        </test-method> <!-- tearDown -->
      </class> <!-- testScenario.ScenarioUI -->
    </test> <!-- Default test -->
  </suite> <!-- Default suite -->
</testng-results>
